0 info it worked if it ends with ok
1 verbose cli [ '/usr/bin/node', '/usr/bin/npm', 'install' ]
2 info using npm@1.4.21
3 info using node@v8.11.1
4 warn package.json node_tutorial@1.0.0 No repository field.
5 warn package.json node_tutorial@1.0.0 No README data
6 verbose readDependencies using package.json deps
7 verbose install where, deps [ '/home/pi/node_tutorial',
7 verbose install   [ 'dotenv',
7 verbose install     'iotex-antenna',
7 verbose install     'onoff',
7 verbose install     '@babel/cli',
7 verbose install     '@babel/core',
7 verbose install     '@babel/node',
7 verbose install     '@babel/preset-env',
7 verbose install     'nodemon' ] ]
8 info preinstall node_tutorial@1.0.0
9 verbose readDependencies using package.json deps
10 verbose cache add [ '@babel/core@^7.12.3', null ]
11 verbose cache add name=undefined spec="@babel/core@^7.12.3" args=["@babel/core@^7.12.3",null]
12 verbose parsed url Url {
12 verbose parsed url   protocol: null,
12 verbose parsed url   slashes: null,
12 verbose parsed url   auth: null,
12 verbose parsed url   host: null,
12 verbose parsed url   port: null,
12 verbose parsed url   hostname: null,
12 verbose parsed url   hash: null,
12 verbose parsed url   search: null,
12 verbose parsed url   query: null,
12 verbose parsed url   pathname: '@babel/core@%5E7.12.3',
12 verbose parsed url   path: '@babel/core@%5E7.12.3',
12 verbose parsed url   href: '@babel/core@%5E7.12.3' }
13 verbose cache add [ '@babel/node@^7.12.1', null ]
14 verbose cache add name=undefined spec="@babel/node@^7.12.1" args=["@babel/node@^7.12.1",null]
15 verbose parsed url Url {
15 verbose parsed url   protocol: null,
15 verbose parsed url   slashes: null,
15 verbose parsed url   auth: null,
15 verbose parsed url   host: null,
15 verbose parsed url   port: null,
15 verbose parsed url   hostname: null,
15 verbose parsed url   hash: null,
15 verbose parsed url   search: null,
15 verbose parsed url   query: null,
15 verbose parsed url   pathname: '@babel/node@%5E7.12.1',
15 verbose parsed url   path: '@babel/node@%5E7.12.1',
15 verbose parsed url   href: '@babel/node@%5E7.12.1' }
16 verbose cache add [ '@babel/preset-env@^7.12.1', null ]
17 verbose cache add name=undefined spec="@babel/preset-env@^7.12.1" args=["@babel/preset-env@^7.12.1",null]
18 verbose parsed url Url {
18 verbose parsed url   protocol: null,
18 verbose parsed url   slashes: null,
18 verbose parsed url   auth: null,
18 verbose parsed url   host: null,
18 verbose parsed url   port: null,
18 verbose parsed url   hostname: null,
18 verbose parsed url   hash: null,
18 verbose parsed url   search: null,
18 verbose parsed url   query: null,
18 verbose parsed url   pathname: '@babel/preset-env@%5E7.12.1',
18 verbose parsed url   path: '@babel/preset-env@%5E7.12.1',
18 verbose parsed url   href: '@babel/preset-env@%5E7.12.1' }
19 verbose cache add [ 'nodemon@^2.0.6', null ]
20 verbose cache add name=undefined spec="nodemon@^2.0.6" args=["nodemon@^2.0.6",null]
21 verbose parsed url Url {
21 verbose parsed url   protocol: null,
21 verbose parsed url   slashes: null,
21 verbose parsed url   auth: null,
21 verbose parsed url   host: null,
21 verbose parsed url   port: null,
21 verbose parsed url   hostname: null,
21 verbose parsed url   hash: null,
21 verbose parsed url   search: null,
21 verbose parsed url   query: null,
21 verbose parsed url   pathname: 'nodemon@%5E2.0.6',
21 verbose parsed url   path: 'nodemon@%5E2.0.6',
21 verbose parsed url   href: 'nodemon@%5E2.0.6' }
22 verbose cache add [ 'dotenv@^8.2.0', null ]
23 verbose cache add name=undefined spec="dotenv@^8.2.0" args=["dotenv@^8.2.0",null]
24 verbose parsed url Url {
24 verbose parsed url   protocol: null,
24 verbose parsed url   slashes: null,
24 verbose parsed url   auth: null,
24 verbose parsed url   host: null,
24 verbose parsed url   port: null,
24 verbose parsed url   hostname: null,
24 verbose parsed url   hash: null,
24 verbose parsed url   search: null,
24 verbose parsed url   query: null,
24 verbose parsed url   pathname: 'dotenv@%5E8.2.0',
24 verbose parsed url   path: 'dotenv@%5E8.2.0',
24 verbose parsed url   href: 'dotenv@%5E8.2.0' }
25 verbose cache add [ 'iotex-antenna@^0.30.2', null ]
26 verbose cache add name=undefined spec="iotex-antenna@^0.30.2" args=["iotex-antenna@^0.30.2",null]
27 verbose parsed url Url {
27 verbose parsed url   protocol: null,
27 verbose parsed url   slashes: null,
27 verbose parsed url   auth: null,
27 verbose parsed url   host: null,
27 verbose parsed url   port: null,
27 verbose parsed url   hostname: null,
27 verbose parsed url   hash: null,
27 verbose parsed url   search: null,
27 verbose parsed url   query: null,
27 verbose parsed url   pathname: 'iotex-antenna@%5E0.30.2',
27 verbose parsed url   path: 'iotex-antenna@%5E0.30.2',
27 verbose parsed url   href: 'iotex-antenna@%5E0.30.2' }
28 verbose cache add [ 'onoff@^6.0.1', null ]
29 verbose cache add name=undefined spec="onoff@^6.0.1" args=["onoff@^6.0.1",null]
30 verbose parsed url Url {
30 verbose parsed url   protocol: null,
30 verbose parsed url   slashes: null,
30 verbose parsed url   auth: null,
30 verbose parsed url   host: null,
30 verbose parsed url   port: null,
30 verbose parsed url   hostname: null,
30 verbose parsed url   hash: null,
30 verbose parsed url   search: null,
30 verbose parsed url   query: null,
30 verbose parsed url   pathname: 'onoff@%5E6.0.1',
30 verbose parsed url   path: 'onoff@%5E6.0.1',
30 verbose parsed url   href: 'onoff@%5E6.0.1' }
31 verbose cache add [ '@babel/cli@^7.12.1', null ]
32 verbose cache add name=undefined spec="@babel/cli@^7.12.1" args=["@babel/cli@^7.12.1",null]
33 verbose parsed url Url {
33 verbose parsed url   protocol: null,
33 verbose parsed url   slashes: null,
33 verbose parsed url   auth: null,
33 verbose parsed url   host: null,
33 verbose parsed url   port: null,
33 verbose parsed url   hostname: null,
33 verbose parsed url   hash: null,
33 verbose parsed url   search: null,
33 verbose parsed url   query: null,
33 verbose parsed url   pathname: '@babel/cli@%5E7.12.1',
33 verbose parsed url   path: '@babel/cli@%5E7.12.1',
33 verbose parsed url   href: '@babel/cli@%5E7.12.1' }
34 verbose cache add name="" spec="babel/core@^7.12.3" args=["","babel/core@^7.12.3"]
35 verbose parsed url Url {
35 verbose parsed url   protocol: null,
35 verbose parsed url   slashes: null,
35 verbose parsed url   auth: null,
35 verbose parsed url   host: null,
35 verbose parsed url   port: null,
35 verbose parsed url   hostname: null,
35 verbose parsed url   hash: null,
35 verbose parsed url   search: null,
35 verbose parsed url   query: null,
35 verbose parsed url   pathname: 'babel/core@%5E7.12.3',
35 verbose parsed url   path: 'babel/core@%5E7.12.3',
35 verbose parsed url   href: 'babel/core@%5E7.12.3' }
36 verbose cache add name="" spec="babel/node@^7.12.1" args=["","babel/node@^7.12.1"]
37 verbose parsed url Url {
37 verbose parsed url   protocol: null,
37 verbose parsed url   slashes: null,
37 verbose parsed url   auth: null,
37 verbose parsed url   host: null,
37 verbose parsed url   port: null,
37 verbose parsed url   hostname: null,
37 verbose parsed url   hash: null,
37 verbose parsed url   search: null,
37 verbose parsed url   query: null,
37 verbose parsed url   pathname: 'babel/node@%5E7.12.1',
37 verbose parsed url   path: 'babel/node@%5E7.12.1',
37 verbose parsed url   href: 'babel/node@%5E7.12.1' }
38 verbose cache add name="" spec="babel/preset-env@^7.12.1" args=["","babel/preset-env@^7.12.1"]
39 verbose parsed url Url {
39 verbose parsed url   protocol: null,
39 verbose parsed url   slashes: null,
39 verbose parsed url   auth: null,
39 verbose parsed url   host: null,
39 verbose parsed url   port: null,
39 verbose parsed url   hostname: null,
39 verbose parsed url   hash: null,
39 verbose parsed url   search: null,
39 verbose parsed url   query: null,
39 verbose parsed url   pathname: 'babel/preset-env@%5E7.12.1',
39 verbose parsed url   path: 'babel/preset-env@%5E7.12.1',
39 verbose parsed url   href: 'babel/preset-env@%5E7.12.1' }
40 verbose cache add name="nodemon" spec="^2.0.6" args=["nodemon","^2.0.6"]
41 verbose parsed url Url {
41 verbose parsed url   protocol: null,
41 verbose parsed url   slashes: null,
41 verbose parsed url   auth: null,
41 verbose parsed url   host: null,
41 verbose parsed url   port: null,
41 verbose parsed url   hostname: null,
41 verbose parsed url   hash: null,
41 verbose parsed url   search: null,
41 verbose parsed url   query: null,
41 verbose parsed url   pathname: '%5E2.0.6',
41 verbose parsed url   path: '%5E2.0.6',
41 verbose parsed url   href: '%5E2.0.6' }
42 verbose addNamed [ 'nodemon', '^2.0.6' ]
43 verbose addNamed [ null, '>=2.0.6 <3.0.0' ]
44 verbose cache add name="dotenv" spec="^8.2.0" args=["dotenv","^8.2.0"]
45 verbose parsed url Url {
45 verbose parsed url   protocol: null,
45 verbose parsed url   slashes: null,
45 verbose parsed url   auth: null,
45 verbose parsed url   host: null,
45 verbose parsed url   port: null,
45 verbose parsed url   hostname: null,
45 verbose parsed url   hash: null,
45 verbose parsed url   search: null,
45 verbose parsed url   query: null,
45 verbose parsed url   pathname: '%5E8.2.0',
45 verbose parsed url   path: '%5E8.2.0',
45 verbose parsed url   href: '%5E8.2.0' }
46 verbose addNamed [ 'dotenv', '^8.2.0' ]
47 verbose addNamed [ null, '>=8.2.0 <9.0.0' ]
48 verbose cache add name="iotex-antenna" spec="^0.30.2" args=["iotex-antenna","^0.30.2"]
49 verbose parsed url Url {
49 verbose parsed url   protocol: null,
49 verbose parsed url   slashes: null,
49 verbose parsed url   auth: null,
49 verbose parsed url   host: null,
49 verbose parsed url   port: null,
49 verbose parsed url   hostname: null,
49 verbose parsed url   hash: null,
49 verbose parsed url   search: null,
49 verbose parsed url   query: null,
49 verbose parsed url   pathname: '%5E0.30.2',
49 verbose parsed url   path: '%5E0.30.2',
49 verbose parsed url   href: '%5E0.30.2' }
50 verbose addNamed [ 'iotex-antenna', '^0.30.2' ]
51 verbose addNamed [ null, '>=0.30.2 <0.31.0' ]
52 verbose cache add name="onoff" spec="^6.0.1" args=["onoff","^6.0.1"]
53 verbose parsed url Url {
53 verbose parsed url   protocol: null,
53 verbose parsed url   slashes: null,
53 verbose parsed url   auth: null,
53 verbose parsed url   host: null,
53 verbose parsed url   port: null,
53 verbose parsed url   hostname: null,
53 verbose parsed url   hash: null,
53 verbose parsed url   search: null,
53 verbose parsed url   query: null,
53 verbose parsed url   pathname: '%5E6.0.1',
53 verbose parsed url   path: '%5E6.0.1',
53 verbose parsed url   href: '%5E6.0.1' }
54 verbose addNamed [ 'onoff', '^6.0.1' ]
55 verbose addNamed [ null, '>=6.0.1 <7.0.0' ]
56 verbose cache add name="" spec="babel/cli@^7.12.1" args=["","babel/cli@^7.12.1"]
57 verbose parsed url Url {
57 verbose parsed url   protocol: null,
57 verbose parsed url   slashes: null,
57 verbose parsed url   auth: null,
57 verbose parsed url   host: null,
57 verbose parsed url   port: null,
57 verbose parsed url   hostname: null,
57 verbose parsed url   hash: null,
57 verbose parsed url   search: null,
57 verbose parsed url   query: null,
57 verbose parsed url   pathname: 'babel/cli@%5E7.12.1',
57 verbose parsed url   path: 'babel/cli@%5E7.12.1',
57 verbose parsed url   href: 'babel/cli@%5E7.12.1' }
58 verbose cache add name="babel/core" spec="^7.12.3" args=["babel/core","^7.12.3"]
59 verbose parsed url Url {
59 verbose parsed url   protocol: null,
59 verbose parsed url   slashes: null,
59 verbose parsed url   auth: null,
59 verbose parsed url   host: null,
59 verbose parsed url   port: null,
59 verbose parsed url   hostname: null,
59 verbose parsed url   hash: null,
59 verbose parsed url   search: null,
59 verbose parsed url   query: null,
59 verbose parsed url   pathname: '%5E7.12.3',
59 verbose parsed url   path: '%5E7.12.3',
59 verbose parsed url   href: '%5E7.12.3' }
60 verbose addNamed [ 'babel/core', '^7.12.3' ]
61 verbose addNamed [ null, '>=7.12.3 <8.0.0' ]
62 verbose cache add name="babel/node" spec="^7.12.1" args=["babel/node","^7.12.1"]
63 verbose parsed url Url {
63 verbose parsed url   protocol: null,
63 verbose parsed url   slashes: null,
63 verbose parsed url   auth: null,
63 verbose parsed url   host: null,
63 verbose parsed url   port: null,
63 verbose parsed url   hostname: null,
63 verbose parsed url   hash: null,
63 verbose parsed url   search: null,
63 verbose parsed url   query: null,
63 verbose parsed url   pathname: '%5E7.12.1',
63 verbose parsed url   path: '%5E7.12.1',
63 verbose parsed url   href: '%5E7.12.1' }
64 verbose addNamed [ 'babel/node', '^7.12.1' ]
65 verbose addNamed [ null, '>=7.12.1 <8.0.0' ]
66 verbose cache add name="babel/preset-env" spec="^7.12.1" args=["babel/preset-env","^7.12.1"]
67 verbose parsed url Url {
67 verbose parsed url   protocol: null,
67 verbose parsed url   slashes: null,
67 verbose parsed url   auth: null,
67 verbose parsed url   host: null,
67 verbose parsed url   port: null,
67 verbose parsed url   hostname: null,
67 verbose parsed url   hash: null,
67 verbose parsed url   search: null,
67 verbose parsed url   query: null,
67 verbose parsed url   pathname: '%5E7.12.1',
67 verbose parsed url   path: '%5E7.12.1',
67 verbose parsed url   href: '%5E7.12.1' }
68 verbose addNamed [ 'babel/preset-env', '^7.12.1' ]
69 verbose addNamed [ null, '>=7.12.1 <8.0.0' ]
70 silly lockFile 131c941c-nodemon-2-0-6 nodemon@^2.0.6
71 verbose lock nodemon@^2.0.6 /home/pi/.npm/131c941c-nodemon-2-0-6.lock
72 silly lockFile 00501aee-dotenv-8-2-0 dotenv@^8.2.0
73 verbose lock dotenv@^8.2.0 /home/pi/.npm/00501aee-dotenv-8-2-0.lock
74 silly lockFile 6807aecc-iotex-antenna-0-30-2 iotex-antenna@^0.30.2
75 verbose lock iotex-antenna@^0.30.2 /home/pi/.npm/6807aecc-iotex-antenna-0-30-2.lock
76 silly lockFile 78c53b54-onoff-6-0-1 onoff@^6.0.1
77 verbose lock onoff@^6.0.1 /home/pi/.npm/78c53b54-onoff-6-0-1.lock
78 silly lockFile 1b6d0b34-babel-core-7-12-3 babel/core@^7.12.3
79 verbose lock babel/core@^7.12.3 /home/pi/.npm/1b6d0b34-babel-core-7-12-3.lock
80 silly lockFile 616f9264-babel-node-7-12-1 babel/node@^7.12.1
81 verbose lock babel/node@^7.12.1 /home/pi/.npm/616f9264-babel-node-7-12-1.lock
82 silly lockFile 580bb473-babel-preset-env-7-12-1 babel/preset-env@^7.12.1
83 verbose lock babel/preset-env@^7.12.1 /home/pi/.npm/580bb473-babel-preset-env-7-12-1.lock
84 verbose cache add name="babel/cli" spec="^7.12.1" args=["babel/cli","^7.12.1"]
85 verbose parsed url Url {
85 verbose parsed url   protocol: null,
85 verbose parsed url   slashes: null,
85 verbose parsed url   auth: null,
85 verbose parsed url   host: null,
85 verbose parsed url   port: null,
85 verbose parsed url   hostname: null,
85 verbose parsed url   hash: null,
85 verbose parsed url   search: null,
85 verbose parsed url   query: null,
85 verbose parsed url   pathname: '%5E7.12.1',
85 verbose parsed url   path: '%5E7.12.1',
85 verbose parsed url   href: '%5E7.12.1' }
86 verbose addNamed [ 'babel/cli', '^7.12.1' ]
87 verbose addNamed [ null, '>=7.12.1 <8.0.0' ]
88 silly lockFile fa2c6133-babel-cli-7-12-1 babel/cli@^7.12.1
89 verbose lock babel/cli@^7.12.1 /home/pi/.npm/fa2c6133-babel-cli-7-12-1.lock
90 silly addNameRange { name: 'nodemon', range: '>=2.0.6 <3.0.0', hasData: false }
91 silly addNameRange { name: 'dotenv', range: '>=8.2.0 <9.0.0', hasData: false }
92 silly addNameRange { name: 'iotex-antenna',
92 silly addNameRange   range: '>=0.30.2 <0.31.0',
92 silly addNameRange   hasData: false }
93 silly addNameRange { name: 'onoff', range: '>=6.0.1 <7.0.0', hasData: false }
94 silly addNameRange { name: 'babel/core', range: '>=7.12.3 <8.0.0', hasData: false }
95 silly addNameRange { name: 'babel/node', range: '>=7.12.1 <8.0.0', hasData: false }
96 silly addNameRange { name: 'babel/preset-env',
96 silly addNameRange   range: '>=7.12.1 <8.0.0',
96 silly addNameRange   hasData: false }
97 silly addNameRange { name: 'babel/cli', range: '>=7.12.1 <8.0.0', hasData: false }
98 verbose request where is /nodemon
99 verbose request registry https://registry.npmjs.org/
100 verbose request id d685b9b10623a058
101 verbose url raw /nodemon
102 verbose url resolving [ 'https://registry.npmjs.org/', './nodemon' ]
103 verbose url resolved https://registry.npmjs.org/nodemon
104 verbose request where is https://registry.npmjs.org/nodemon
105 info trying registry request attempt 1 at 12:02:58
106 verbose etag W/"976d6e4a44943392bf1d7dad72dab124"
107 http GET https://registry.npmjs.org/nodemon
108 verbose request where is /iotex-antenna
109 verbose request registry https://registry.npmjs.org/
110 verbose url raw /iotex-antenna
111 verbose url resolving [ 'https://registry.npmjs.org/', './iotex-antenna' ]
112 verbose url resolved https://registry.npmjs.org/iotex-antenna
113 verbose request where is https://registry.npmjs.org/iotex-antenna
114 info trying registry request attempt 1 at 12:02:58
115 verbose etag W/"07efabf423a79797bd64e3e60e44f1e8"
116 http GET https://registry.npmjs.org/iotex-antenna
117 verbose request where is /onoff
118 verbose request registry https://registry.npmjs.org/
119 verbose url raw /onoff
120 verbose url resolving [ 'https://registry.npmjs.org/', './onoff' ]
121 verbose url resolved https://registry.npmjs.org/onoff
122 verbose request where is https://registry.npmjs.org/onoff
123 info trying registry request attempt 1 at 12:02:58
124 verbose etag W/"1c53cad03878c52d42ed4f69d0fd1a65"
125 http GET https://registry.npmjs.org/onoff
126 verbose request where is /babel/core
127 verbose request registry https://registry.npmjs.org/
128 verbose url raw /babel/core
129 verbose url resolving [ 'https://registry.npmjs.org/', './babel/core' ]
130 verbose url resolved https://registry.npmjs.org/babel/core
131 verbose request where is https://registry.npmjs.org/babel/core
132 info trying registry request attempt 1 at 12:02:58
133 http GET https://registry.npmjs.org/babel/core
134 verbose request where is /babel/node
135 verbose request registry https://registry.npmjs.org/
136 verbose url raw /babel/node
137 verbose url resolving [ 'https://registry.npmjs.org/', './babel/node' ]
138 verbose url resolved https://registry.npmjs.org/babel/node
139 verbose request where is https://registry.npmjs.org/babel/node
140 info trying registry request attempt 1 at 12:02:58
141 http GET https://registry.npmjs.org/babel/node
142 verbose request where is /babel/preset-env
143 verbose request registry https://registry.npmjs.org/
144 verbose url raw /babel/preset-env
145 verbose url resolving [ 'https://registry.npmjs.org/', './babel/preset-env' ]
146 verbose url resolved https://registry.npmjs.org/babel/preset-env
147 verbose request where is https://registry.npmjs.org/babel/preset-env
148 info trying registry request attempt 1 at 12:02:58
149 http GET https://registry.npmjs.org/babel/preset-env
150 verbose request where is /babel/cli
151 verbose request registry https://registry.npmjs.org/
152 verbose url raw /babel/cli
153 verbose url resolving [ 'https://registry.npmjs.org/', './babel/cli' ]
154 verbose url resolved https://registry.npmjs.org/babel/cli
155 verbose request where is https://registry.npmjs.org/babel/cli
156 info trying registry request attempt 1 at 12:02:58
157 http GET https://registry.npmjs.org/babel/cli
158 verbose request where is /dotenv
159 verbose request registry https://registry.npmjs.org/
160 verbose url raw /dotenv
161 verbose url resolving [ 'https://registry.npmjs.org/', './dotenv' ]
162 verbose url resolved https://registry.npmjs.org/dotenv
163 verbose request where is https://registry.npmjs.org/dotenv
164 info trying registry request attempt 1 at 12:02:58
165 verbose etag W/"eb436f22633dd89c882317c4b26f3166"
166 http GET https://registry.npmjs.org/dotenv
167 http 304 https://registry.npmjs.org/nodemon
168 silly registry.get cb [ 304,
168 silly registry.get   { date: 'Thu, 29 Oct 2020 12:02:59 GMT',
168 silly registry.get     connection: 'close',
168 silly registry.get     'set-cookie':
168 silly registry.get      [ '__cfduid=ddfebf472362bc1190eb5341c0d91d7ef1603972979; expires=Sat, 28-Nov-20 12:02:59 GMT; path=/; domain=.npmjs.org; HttpOnly; SameSite=Lax' ],
168 silly registry.get     'cf-ray': '5e9cc02f5ee01519-MAD',
168 silly registry.get     age: '4821',
168 silly registry.get     'cache-control': 'public, max-age=300',
168 silly registry.get     etag: '"976d6e4a44943392bf1d7dad72dab124"',
168 silly registry.get     'last-modified': 'Mon, 19 Oct 2020 18:40:39 GMT',
168 silly registry.get     vary: 'Accept-Encoding',
168 silly registry.get     'cf-cache-status': 'HIT',
168 silly registry.get     'cf-request-id': '0615d671950000151922389000000001',
168 silly registry.get     'expect-ct': 'max-age=604800, report-uri="https://report-uri.cloudflare.com/cdn-cgi/beacon/expect-ct"',
168 silly registry.get     server: 'cloudflare' } ]
169 verbose etag https://registry.npmjs.org/nodemon from cache
170 http 304 https://registry.npmjs.org/dotenv
171 silly registry.get cb [ 304,
171 silly registry.get   { date: 'Thu, 29 Oct 2020 12:02:59 GMT',
171 silly registry.get     connection: 'close',
171 silly registry.get     'set-cookie':
171 silly registry.get      [ '__cfduid=d5c110da911e94f1f0b4bba20abe000d91603972979; expires=Sat, 28-Nov-20 12:02:59 GMT; path=/; domain=.npmjs.org; HttpOnly; SameSite=Lax' ],
171 silly registry.get     'cf-ray': '5e9cc0310f7c14ed-MAD',
171 silly registry.get     age: '4174',
171 silly registry.get     'cache-control': 'public, max-age=300',
171 silly registry.get     etag: '"eb436f22633dd89c882317c4b26f3166"',
171 silly registry.get     'last-modified': 'Fri, 21 Feb 2020 20:38:27 GMT',
171 silly registry.get     vary: 'Accept-Encoding',
171 silly registry.get     'cf-cache-status': 'HIT',
171 silly registry.get     'cf-request-id': '0615d672a4000014edb4371000000001',
171 silly registry.get     'expect-ct': 'max-age=604800, report-uri="https://report-uri.cloudflare.com/cdn-cgi/beacon/expect-ct"',
171 silly registry.get     server: 'cloudflare' } ]
172 verbose etag https://registry.npmjs.org/dotenv from cache
173 silly addNameRange number 2 { name: 'nodemon', range: '>=2.0.6 <3.0.0', hasData: true }
174 silly addNameRange versions [ 'nodemon',
174 silly addNameRange   [ '0.1.4',
174 silly addNameRange     '0.1.5',
174 silly addNameRange     '0.1.6',
174 silly addNameRange     '0.1.7',
174 silly addNameRange     '0.1.8',
174 silly addNameRange     '0.2.0',
174 silly addNameRange     '0.2.1',
174 silly addNameRange     '0.2.2',
174 silly addNameRange     '0.3.0',
174 silly addNameRange     '0.3.1',
174 silly addNameRange     '0.3.2',
174 silly addNameRange     '0.4.0',
174 silly addNameRange     '0.4.1',
174 silly addNameRange     '0.5.0',
174 silly addNameRange     '0.5.1',
174 silly addNameRange     '0.5.2',
174 silly addNameRange     '0.5.3',
174 silly addNameRange     '0.5.4',
174 silly addNameRange     '0.5.5',
174 silly addNameRange     '0.5.6',
174 silly addNameRange     '0.5.7',
174 silly addNameRange     '0.6.0',
174 silly addNameRange     '0.6.1',
174 silly addNameRange     '0.6.2',
174 silly addNameRange     '0.6.3',
174 silly addNameRange     '0.6.4',
174 silly addNameRange     '0.6.5',
174 silly addNameRange     '0.6.6',
174 silly addNameRange     '0.6.7',
174 silly addNameRange     '0.6.8',
174 silly addNameRange     '0.6.9',
174 silly addNameRange     '0.6.10',
174 silly addNameRange     '0.6.11',
174 silly addNameRange     '0.6.12',
174 silly addNameRange     '0.6.13',
174 silly addNameRange     '0.6.14',
174 silly addNameRange     '0.6.15',
174 silly addNameRange     '0.6.16',
174 silly addNameRange     '0.6.17',
174 silly addNameRange     '0.6.18',
174 silly addNameRange     '0.6.19',
174 silly addNameRange     '0.6.20',
174 silly addNameRange     '0.6.21',
174 silly addNameRange     '0.6.22',
174 silly addNameRange     '0.6.23',
174 silly addNameRange     '0.7.0',
174 silly addNameRange     '0.7.1',
174 silly addNameRange     '0.7.2',
174 silly addNameRange     '0.7.3',
174 silly addNameRange     '0.7.4',
174 silly addNameRange     '0.7.5',
174 silly addNameRange     '0.7.6',
174 silly addNameRange     '0.7.7',
174 silly addNameRange     '0.7.8',
174 silly addNameRange     '0.7.10',
174 silly addNameRange     '0.9.0',
174 silly addNameRange     '0.9.1',
174 silly addNameRange     '0.9.2',
174 silly addNameRange     '0.9.3',
174 silly addNameRange     '0.9.5',
174 silly addNameRange     '0.9.6',
174 silly addNameRange     '0.9.7',
174 silly addNameRange     '0.9.10',
174 silly addNameRange     '0.9.11',
174 silly addNameRange     '0.9.12',
174 silly addNameRange     '0.9.14',
174 silly addNameRange     '0.9.16',
174 silly addNameRange     '0.9.17',
174 silly addNameRange     '1.0.0',
174 silly addNameRange     '1.0.1',
174 silly addNameRange     '1.0.2',
174 silly addNameRange     '1.0.2-rc',
174 silly addNameRange     '0.6.10-a',
174 silly addNameRange     '1.0.2-rc3',
174 silly addNameRange     '1.0.2-rc4',
174 silly addNameRange     '1.0.3',
174 silly addNameRange     '1.0.4',
174 silly addNameRange     '1.0.5',
174 silly addNameRange     '1.0.6',
174 silly addNameRange     '1.0.7',
174 silly addNameRange     '1.0.8',
174 silly addNameRange     '1.0.9',
174 silly addNameRange     '1.0.10',
174 silly addNameRange     '1.0.11',
174 silly addNameRange     '1.0.12',
174 silly addNameRange     '1.0.13',
174 silly addNameRange     '1.0.14',
174 silly addNameRange     '1.0.15',
174 silly addNameRange     '1.0.16',
174 silly addNameRange     '1.0.17-rc1',
174 silly addNameRange     '1.0.17-rc2',
174 silly addNameRange     '1.0.17',
174 silly addNameRange     '1.0.18',
174 silly addNameRange     '1.0.19',
174 silly addNameRange     '1.0.20',
174 silly addNameRange     '1.1.0-alpha',
174 silly addNameRange     '1.1.0',
174 silly addNameRange     '1.1.1',
174 silly addNameRange     '1.2.0',
174 silly addNameRange     '1.2.1',
174 silly addNameRange     ... 117 more items ] ]
175 verbose addNamed [ 'nodemon', '2.0.6' ]
176 verbose addNamed [ '2.0.6', '2.0.6' ]
177 silly lockFile fd50993c-nodemon-2-0-6 nodemon@2.0.6
178 verbose lock nodemon@2.0.6 /home/pi/.npm/fd50993c-nodemon-2-0-6.lock
179 silly addNameRange number 2 { name: 'dotenv', range: '>=8.2.0 <9.0.0', hasData: true }
180 silly addNameRange versions [ 'dotenv',
180 silly addNameRange   [ '0.0.1',
180 silly addNameRange     '0.0.2',
180 silly addNameRange     '0.0.3',
180 silly addNameRange     '0.0.4',
180 silly addNameRange     '0.0.5',
180 silly addNameRange     '0.1.0',
180 silly addNameRange     '0.1.1',
180 silly addNameRange     '0.1.2',
180 silly addNameRange     '0.2.0',
180 silly addNameRange     '0.2.1',
180 silly addNameRange     '0.2.2',
180 silly addNameRange     '0.2.3',
180 silly addNameRange     '0.2.4',
180 silly addNameRange     '0.2.5',
180 silly addNameRange     '0.2.6',
180 silly addNameRange     '0.2.7',
180 silly addNameRange     '0.2.8',
180 silly addNameRange     '0.3.0',
180 silly addNameRange     '0.4.0',
180 silly addNameRange     '0.5.0',
180 silly addNameRange     '0.5.1',
180 silly addNameRange     '1.0.0',
180 silly addNameRange     '1.1.0',
180 silly addNameRange     '1.2.0',
180 silly addNameRange     '2.0.0',
180 silly addNameRange     '3.0.0',
180 silly addNameRange     '4.0.0',
180 silly addNameRange     '5.0.0',
180 silly addNameRange     '5.0.1',
180 silly addNameRange     '6.0.0',
180 silly addNameRange     '6.1.0',
180 silly addNameRange     '6.2.0-rc1',
180 silly addNameRange     '6.2.0-0',
180 silly addNameRange     '6.2.0',
180 silly addNameRange     '7.0.0',
180 silly addNameRange     '8.0.0',
180 silly addNameRange     '8.1.0',
180 silly addNameRange     '8.2.0' ] ]
181 verbose addNamed [ 'dotenv', '8.2.0' ]
182 verbose addNamed [ '8.2.0', '8.2.0' ]
183 silly lockFile 11ce198e-dotenv-8-2-0 dotenv@8.2.0
184 verbose lock dotenv@8.2.0 /home/pi/.npm/11ce198e-dotenv-8-2-0.lock
185 silly lockFile fd50993c-nodemon-2-0-6 nodemon@2.0.6
186 silly lockFile fd50993c-nodemon-2-0-6 nodemon@2.0.6
187 silly lockFile 131c941c-nodemon-2-0-6 nodemon@^2.0.6
188 silly lockFile 131c941c-nodemon-2-0-6 nodemon@^2.0.6
189 silly lockFile 11ce198e-dotenv-8-2-0 dotenv@8.2.0
190 silly lockFile 11ce198e-dotenv-8-2-0 dotenv@8.2.0
191 silly lockFile 00501aee-dotenv-8-2-0 dotenv@^8.2.0
192 silly lockFile 00501aee-dotenv-8-2-0 dotenv@^8.2.0
193 http 405 https://registry.npmjs.org/babel/preset-env
194 silly registry.get cb [ 405,
194 silly registry.get   { date: 'Thu, 29 Oct 2020 12:02:59 GMT',
194 silly registry.get     'content-type': 'application/json',
194 silly registry.get     'content-length': '63',
194 silly registry.get     connection: 'close',
194 silly registry.get     'set-cookie':
194 silly registry.get      [ '__cfduid=d834c2b2f13fc29d84c298396d2f121801603972979; expires=Sat, 28-Nov-20 12:02:59 GMT; path=/; domain=.npmjs.org; HttpOnly; SameSite=Lax' ],
194 silly registry.get     'cf-ray': '5e9cc030bc0bff48-MAD',
194 silly registry.get     allow: 'PUT',
194 silly registry.get     'cf-cache-status': 'DYNAMIC',
194 silly registry.get     'cf-request-id': '0615d672700000ff48b0bf7000000001',
194 silly registry.get     'expect-ct': 'max-age=604800, report-uri="https://report-uri.cloudflare.com/cdn-cgi/beacon/expect-ct"',
194 silly registry.get     vary: 'Accept-Encoding',
194 silly registry.get     server: 'cloudflare' } ]
195 silly lockFile 580bb473-babel-preset-env-7-12-1 babel/preset-env@^7.12.1
196 silly lockFile 580bb473-babel-preset-env-7-12-1 babel/preset-env@^7.12.1
197 error Error: Method Not Allowed
197 error     at errorResponse (/usr/share/npm/lib/cache/add-named.js:260:10)
197 error     at /usr/share/npm/lib/cache/add-named.js:203:12
197 error     at saved (/usr/share/npm/node_modules/npm-registry-client/lib/get.js:167:7)
197 error     at FSReqWrap.oncomplete (fs.js:135:15)
198 error If you need help, you may report this *entire* log,
198 error including the npm and node versions, at:
198 error     <http://github.com/npm/npm/issues>
199 error System Linux 4.9.59-v7+
200 error command "/usr/bin/node" "/usr/bin/npm" "install"
201 error cwd /home/pi/node_tutorial
202 error node -v v8.11.1
203 error npm -v 1.4.21
204 error code E405
205 verbose exit [ 1, true ]
